[GIN-VUE-ADMIN]2021/06/10 - 06:35:18.452	[34minfo[0m	register table success
[GIN-VUE-ADMIN]2021/06/10 - 06:35:18.465	[34minfo[0m	use middleware logger
[GIN-VUE-ADMIN]2021/06/10 - 06:35:18.466	[34minfo[0m	use middleware cors
[GIN-VUE-ADMIN]2021/06/10 - 06:35:18.466	[34minfo[0m	register swagger handler
[GIN-VUE-ADMIN]2021/06/10 - 06:35:18.515	[34minfo[0m	router register success
[GIN-VUE-ADMIN]2021/06/10 - 06:35:18.517	[34minfo[0m	server run success on 	{"address": ":8888"}
[GIN-VUE-ADMIN]2021/06/10 - 06:36:32.623	[34minfo[0m	æ•°æ®åº“æ— éœ€åˆå§‹åŒ–
[GIN-VUE-ADMIN]2021/06/10 - 06:39:33.820	[34minfo[0m	æ•°æ®åº“æ— éœ€åˆå§‹åŒ–
[GIN-VUE-ADMIN]2021/06/10 - 06:41:06.271	[34minfo[0m	æ•°æ®åº“æ— éœ€åˆå§‹åŒ–
[GIN-VUE-ADMIN]2021/06/10 - 06:42:10.327	[34minfo[0m	æ•°æ®åº“æ— éœ€åˆå§‹åŒ–
[GIN-VUE-ADMIN]2021/06/10 - 06:42:34.443	[31merror[0m	åˆ é™¤å¤±è´¥!	{"err": "æ­¤èœå•å­˜åœ¨å­èœå•ä¸å¯åˆ é™¤"}
[GIN-VUE-ADMIN]2021/06/10 - 06:42:40.142	[34minfo[0m	æ•°æ®åº“æ— éœ€åˆå§‹åŒ–
[GIN-VUE-ADMIN]2021/06/10 - 06:47:25.165	[34minfo[0m	æ•°æ®åº“æ— éœ€åˆå§‹åŒ–
[GIN-VUE-ADMIN]2021/06/10 - 06:51:35.223	[31merror[0m	ä¿®æ”¹å¤±è´¥	{"err": "record not found"}
[GIN-VUE-ADMIN]2021/06/10 - 06:53:43.709	[31merror[0m	ç™»é™†å¤±è´¥! ç”¨æˆ·åä¸å­˜åœ¨æˆ–è€…å¯†ç é”™è¯¯	{"err": "record not found"}
[GIN-VUE-ADMIN]2021/06/10 - 06:54:30.520	[31merror[0m	ä¿®æ”¹å¤±è´¥	{"err": "record not found"}
[GIN-VUE-ADMIN]2021/06/10 - 06:56:52.635	[31merror[0m	ä¿®æ”¹å¤±è´¥	{"err": "record not found"}
[GIN-VUE-ADMIN]2021/06/10 - 06:56:55.627	[31merror[0m	ä¿®æ”¹å¤±è´¥	{"err": "record not found"}
[GIN-VUE-ADMIN]2021/06/10 - 06:57:09.216	[31merror[0m	ç™»é™†å¤±è´¥! ç”¨æˆ·åä¸å­˜åœ¨æˆ–è€…å¯†ç é”™è¯¯	{"err": "record not found"}
[GIN-VUE-ADMIN]2021/06/10 - 06:57:15.209	[31merror[0m	ç™»é™†å¤±è´¥! ç”¨æˆ·åä¸å­˜åœ¨æˆ–è€…å¯†ç é”™è¯¯	{"err": "record not found"}
[GIN-VUE-ADMIN]2021/06/10 - 06:58:40.180	[34minfo[0m	æ•°æ®åº“æ— éœ€åˆå§‹åŒ–
[GIN-VUE-ADMIN]2021/06/10 - 06:58:59.639	[34minfo[0m	æ•°æ®åº“æ— éœ€åˆå§‹åŒ–
[GIN-VUE-ADMIN]2021/06/10 - 07:08:39.209	[31merror[0m	ä¿®æ”¹å¤±è´¥	{"err": "record not found"}
[GIN-VUE-ADMIN]2021/06/10 - 07:08:49.353	[34minfo[0m	æ•°æ®åº“æ— éœ€åˆå§‹åŒ–
[GIN-VUE-ADMIN]2021/06/10 - 07:09:18.471	[31merror[0m	ä¿®æ”¹å¤±è´¥	{"err": "record not found"}
[GIN-VUE-ADMIN]2021/06/10 - 07:09:24.489	[34minfo[0m	æ•°æ®åº“æ— éœ€åˆå§‹åŒ–
[GIN-VUE-ADMIN]2021/06/10 - 07:09:52.766	[31merror[0m	ä¿®æ”¹å¤±è´¥	{"err": "record not found"}
[GIN-VUE-ADMIN]2021/06/10 - 07:10:05.891	[34minfo[0m	æ•°æ®åº“æ— éœ€åˆå§‹åŒ–
[GIN-VUE-ADMIN]2021/06/10 - 07:10:22.705	[31merror[0m	ä¿®æ”¹å¤±è´¥	{"err": "record not found"}
[GIN-VUE-ADMIN]2021/06/10 - 07:10:27.045	[34minfo[0m	æ•°æ®åº“æ— éœ€åˆå§‹åŒ–
[GIN-VUE-ADMIN]2021/06/10 - 07:10:51.316	[31merror[0m	ç™»é™†å¤±è´¥! ç”¨æˆ·åä¸å­˜åœ¨æˆ–è€…å¯†ç é”™è¯¯	{"err": "record not found"}
[GIN-VUE-ADMIN]2021/06/10 - 07:10:58.112	[31merror[0m	ç™»é™†å¤±è´¥! ç”¨æˆ·åä¸å­˜åœ¨æˆ–è€…å¯†ç é”™è¯¯	{"err": "record not found"}
[GIN-VUE-ADMIN]2021/06/10 - 07:11:04.276	[31merror[0m	ç™»é™†å¤±è´¥! ç”¨æˆ·åä¸å­˜åœ¨æˆ–è€…å¯†ç é”™è¯¯	{"err": "record not found"}
[GIN-VUE-ADMIN]2021/06/10 - 07:11:20.370	[31merror[0m	ç™»é™†å¤±è´¥! ç”¨æˆ·åä¸å­˜åœ¨æˆ–è€…å¯†ç é”™è¯¯	{"err": "record not found"}
[GIN-VUE-ADMIN]2021/06/10 - 07:11:26.848	[31merror[0m	ç™»é™†å¤±è´¥! ç”¨æˆ·åä¸å­˜åœ¨æˆ–è€…å¯†ç é”™è¯¯	{"err": "record not found"}
[GIN-VUE-ADMIN]2021/06/10 - 07:11:32.852	[31merror[0m	ç™»é™†å¤±è´¥! ç”¨æˆ·åä¸å­˜åœ¨æˆ–è€…å¯†ç é”™è¯¯	{"err": "record not found"}
[GIN-VUE-ADMIN]2021/06/10 - 07:11:39.882	[31merror[0m	ç™»é™†å¤±è´¥! ç”¨æˆ·åä¸å­˜åœ¨æˆ–è€…å¯†ç é”™è¯¯	{"err": "record not found"}
[GIN-VUE-ADMIN]2021/06/10 - 07:17:37.284	[34minfo[0m	æ•°æ®åº“æ— éœ€åˆå§‹åŒ–
[GIN-VUE-ADMIN]2021/06/10 - 07:18:17.826	[34minfo[0m	æ•°æ®åº“æ— éœ€åˆå§‹åŒ–
[GIN-VUE-ADMIN]2021/06/10 - 07:20:44.968	[34minfo[0m	æ•°æ®åº“æ— éœ€åˆå§‹åŒ–
[GIN-VUE-ADMIN]2021/06/10 - 07:20:54.951	[31merror[0m	ç™»é™†å¤±è´¥! ç”¨æˆ·åä¸å­˜åœ¨æˆ–è€…å¯†ç é”™è¯¯	{"err": "record not found"}
[GIN-VUE-ADMIN]2021/06/10 - 07:22:51.603	[34minfo[0m	æ•°æ®åº“æ— éœ€åˆå§‹åŒ–
[GIN-VUE-ADMIN]2021/06/10 - 07:24:25.031	[31merror[0m	ç™»é™†å¤±è´¥! ç”¨æˆ·åä¸å­˜åœ¨æˆ–è€…å¯†ç é”™è¯¯	{"err": "record not found"}
[GIN-VUE-ADMIN]2021/06/10 - 07:34:22.777	[31merror[0m	ç™»é™†å¤±è´¥! ç”¨æˆ·åä¸å­˜åœ¨æˆ–è€…å¯†ç é”™è¯¯	{"err": "record not found"}
[GIN-VUE-ADMIN]2021/06/10 - 07:36:24.458	[34minfo[0m	æ•°æ®åº“æ— éœ€åˆå§‹åŒ–
[GIN-VUE-ADMIN]2021/06/10 - 07:36:49.621	[31merror[0m	ä¿®æ”¹å¤±è´¥	{"err": "record not found"}
[GIN-VUE-ADMIN]2021/06/10 - 07:37:17.261	[34minfo[0m	æ•°æ®åº“æ— éœ€åˆå§‹åŒ–
[GIN-VUE-ADMIN]2021/06/10 - 07:37:45.624	[31merror[0m	ä¿®æ”¹å¤±è´¥	{"err": "record not found"}
[GIN-VUE-ADMIN]2021/06/10 - 07:37:56.785	[31merror[0m	ä¿®æ”¹å¤±è´¥	{"err": "record not found"}
[GIN-VUE-ADMIN]2021/06/10 - 07:39:38.990	[31merror[0m	ä¿®æ”¹å¤±è´¥	{"err": "record not found"}
[GIN-VUE-ADMIN]2021/06/10 - 07:39:48.329	[34minfo[0m	æ•°æ®åº“æ— éœ€åˆå§‹åŒ–
[GIN-VUE-ADMIN]2021/06/10 - 07:40:35.737	[34minfo[0m	æ•°æ®åº“æ— éœ€åˆå§‹åŒ–
[GIN-VUE-ADMIN]2021/06/10 - 08:00:09.828	[34minfo[0m	register table success
[GIN-VUE-ADMIN]2021/06/10 - 08:00:09.839	[34minfo[0m	use middleware logger
[GIN-VUE-ADMIN]2021/06/10 - 08:00:09.841	[34minfo[0m	use middleware cors
[GIN-VUE-ADMIN]2021/06/10 - 08:00:09.842	[34minfo[0m	register swagger handler
[GIN-VUE-ADMIN]2021/06/10 - 08:00:09.903	[34minfo[0m	router register success
[GIN-VUE-ADMIN]2021/06/10 - 08:00:09.905	[34minfo[0m	server run success on 	{"address": ":8888"}
[GIN-VUE-ADMIN]2021/06/10 - 08:09:40.125	[34minfo[0m	register table success
[GIN-VUE-ADMIN]2021/06/10 - 08:09:40.131	[34minfo[0m	use middleware logger
[GIN-VUE-ADMIN]2021/06/10 - 08:09:40.131	[34minfo[0m	use middleware cors
[GIN-VUE-ADMIN]2021/06/10 - 08:09:40.132	[34minfo[0m	register swagger handler
[GIN-VUE-ADMIN]2021/06/10 - 08:09:40.189	[34minfo[0m	router register success
[GIN-VUE-ADMIN]2021/06/10 - 08:09:40.192	[34minfo[0m	server run success on 	{"address": ":8888"}
[GIN-VUE-ADMIN]2021/06/10 - 08:17:32.550	[34minfo[0m	register table success
[GIN-VUE-ADMIN]2021/06/10 - 08:17:32.556	[34minfo[0m	use middleware logger
[GIN-VUE-ADMIN]2021/06/10 - 08:17:32.556	[34minfo[0m	use middleware cors
[GIN-VUE-ADMIN]2021/06/10 - 08:17:32.561	[34minfo[0m	register swagger handler
[GIN-VUE-ADMIN]2021/06/10 - 08:17:32.610	[34minfo[0m	router register success
[GIN-VUE-ADMIN]2021/06/10 - 08:17:32.612	[34minfo[0m	server run success on 	{"address": ":8888"}
[GIN-VUE-ADMIN]2021/06/10 - 08:17:43.972	[34minfo[0m	æ•°æ®åº“æ— éœ€åˆå§‹åŒ–
[GIN-VUE-ADMIN]2021/06/10 - 08:19:31.334	[34minfo[0m	register table success
[GIN-VUE-ADMIN]2021/06/10 - 08:19:31.344	[34minfo[0m	use middleware logger
[GIN-VUE-ADMIN]2021/06/10 - 08:19:31.345	[34minfo[0m	use middleware cors
[GIN-VUE-ADMIN]2021/06/10 - 08:19:31.345	[34minfo[0m	register swagger handler
[GIN-VUE-ADMIN]2021/06/10 - 08:19:31.422	[34minfo[0m	router register success
[GIN-VUE-ADMIN]2021/06/10 - 08:19:31.424	[34minfo[0m	server run success on 	{"address": ":8888"}
[GIN-VUE-ADMIN]2021/06/10 - 08:21:42.584	[34minfo[0m	æ•°æ®åº“æ— éœ€åˆå§‹åŒ–
[GIN-VUE-ADMIN]2021/06/10 - 13:08:39.240	[34minfo[0m	register table success
[GIN-VUE-ADMIN]2021/06/10 - 13:08:39.343	[34minfo[0m	use middleware logger
[GIN-VUE-ADMIN]2021/06/10 - 13:08:39.344	[34minfo[0m	use middleware cors
[GIN-VUE-ADMIN]2021/06/10 - 13:08:39.345	[34minfo[0m	register swagger handler
[GIN-VUE-ADMIN]2021/06/10 - 13:08:39.398	[34minfo[0m	router register success
[GIN-VUE-ADMIN]2021/06/10 - 13:08:39.403	[34minfo[0m	server run success on 	{"address": ":8888"}
[GIN-VUE-ADMIN]2021/06/10 - 13:10:01.414	[34minfo[0m	æ•°æ®åº“æ— éœ€åˆå§‹åŒ–
[GIN-VUE-ADMIN]2021/06/10 - 13:16:49.389	[34minfo[0m	æ•°æ®åº“æ— éœ€åˆå§‹åŒ–
[GIN-VUE-ADMIN]2021/06/10 - 13:17:02.125	[34minfo[0m	æ•°æ®åº“æ— éœ€åˆå§‹åŒ–
[GIN-VUE-ADMIN]2021/06/10 - 13:20:47.402	[34minfo[0m	æ•°æ®åº“æ— éœ€åˆå§‹åŒ–
[GIN-VUE-ADMIN]2021/06/10 - 13:22:16.671	[34minfo[0m	æ•°æ®åº“æ— éœ€åˆå§‹åŒ–
[GIN-VUE-ADMIN]2021/06/10 - 13:23:24.987	[34minfo[0m	æ•°æ®åº“æ— éœ€åˆå§‹åŒ–
[GIN-VUE-ADMIN]2021/06/10 - 13:23:52.732	[34minfo[0m	æ•°æ®åº“æ— éœ€åˆå§‹åŒ–
[GIN-VUE-ADMIN]2021/06/10 - 13:24:21.832	[34minfo[0m	æ•°æ®åº“æ— éœ€åˆå§‹åŒ–
[GIN-VUE-ADMIN]2021/06/10 - 13:24:50.666	[34minfo[0m	æ•°æ®åº“æ— éœ€åˆå§‹åŒ–
[GIN-VUE-ADMIN]2021/06/10 - 13:26:36.782	[34minfo[0m	æ•°æ®åº“æ— éœ€åˆå§‹åŒ–
